  priority_queue.cpp
C:\Users\PREMSINGH\source\repos\priority_queue\Header.h(90,11): warning C4018: '<=': signed/unsigned mismatch
C:\Users\PREMSINGH\source\repos\priority_queue\Header.h(88): message : while compiling class template member function 'void PriorityQueue<__int64,std::vector<__int64,std::allocator<__int64>>,std::less<__int64>>::decreaseKey(T,int)'
          with
          [
              T=__int64
          ]
C:\Users\PREMSINGH\source\repos\priority_queue\priority_queue.cpp(55): message : see reference to function template instantiation 'void PriorityQueue<__int64,std::vector<__int64,std::allocator<__int64>>,std::less<__int64>>::decreaseKey(T,int)' being compiled
          with
          [
              T=__int64
          ]
C:\Users\PREMSINGH\source\repos\priority_queue\priority_queue.cpp(33): message : see reference to class template instantiation 'PriorityQueue<__int64,std::vector<__int64,std::allocator<__int64>>,std::less<__int64>>' being compiled
C:\Users\PREMSINGH\source\repos\priority_queue\Header.h(81,11): warning C4018: '<=': signed/unsigned mismatch
C:\Users\PREMSINGH\source\repos\priority_queue\Header.h(80): message : while compiling class template member function 'void PriorityQueue<__int64,std::vector<__int64,std::allocator<__int64>>,std::less<__int64>>::Delete(int)'
C:\Users\PREMSINGH\source\repos\priority_queue\priority_queue.cpp(49): message : see reference to function template instantiation 'void PriorityQueue<__int64,std::vector<__int64,std::allocator<__int64>>,std::less<__int64>>::Delete(int)' being compiled
C:\Users\PREMSINGH\source\repos\priority_queue\Header.h(38,21): warning C4018: '<=': signed/unsigned mismatch
C:\Users\PREMSINGH\source\repos\priority_queue\Header.h(36): message : while compiling class template member function 'void PriorityQueue<__int64,std::vector<__int64,std::allocator<__int64>>,std::less<__int64>>::heapifyup(int)'
C:\Users\PREMSINGH\source\repos\priority_queue\Header.h(93): message : see reference to function template instantiation 'void PriorityQueue<__int64,std::vector<__int64,std::allocator<__int64>>,std::less<__int64>>::heapifyup(int)' being compiled
  priority_queue.vcxproj -> C:\Users\PREMSINGH\source\repos\priority_queue\Debug\priority_queue.exe

Project Performance Summary:
     1760 ms  C:\Users\PREMSINGH\source\repos\priority_queue\priority_queue.vcxproj   1 calls
               1760 ms  Build                                      1 calls

Target Performance Summary:
        0 ms  _BuildCompileAction                        1 calls
        0 ms  PrepareResourceNames                       1 calls
        0 ms  CreateCustomManifestResourceNames          1 calls
        0 ms  ComputeManifestInputsTargets               1 calls
        0 ms  ComputeLinkInputsFromProject               1 calls
        0 ms  ComputeCLGeneratedLinkInputs               1 calls
        0 ms  ComputeManifestGeneratedLinkerInputs       1 calls
        0 ms  ComputeRCGeneratedLinkInputs               1 calls
        0 ms  ComputeRCOutputs                           1 calls
        0 ms  BeforeLink                                 1 calls
        0 ms  ComputeLegacyManifestEmbedding             1 calls
        0 ms  BuildLinkTraverse                          1 calls
        0 ms  BuildCompile                               1 calls
        0 ms  AfterBuildCompileEvent                     1 calls
        0 ms  _ResourceCompile                           1 calls
        0 ms  AfterResourceCompile                       1 calls
        0 ms  MakeDirsForResourceCompile                 1 calls
        0 ms  BeforeResourceCompile                      1 calls
        0 ms  _ClCompile                                 1 calls
        0 ms  AfterClCompile                             1 calls
        0 ms  ComputeLinkSwitches                        1 calls
        0 ms  AfterLink                                  1 calls
        0 ms  _Link                                      1 calls
        0 ms  _ALink                                     1 calls
        0 ms  BuildLink                                  1 calls
        0 ms  _BuildLinkAction                           1 calls
        0 ms  PostBuildEvent                             1 calls
        0 ms  PrepareForRun                              1 calls
        0 ms  _CheckForCompileOutputs                    1 calls
        0 ms  _CopySourceItemsToOutputDirectory          1 calls
        0 ms  _GetCopyToOutputDirectoryItemsFromThisProject   1 calls
        0 ms  _PopulateCommonStateForGetCopyToOutputDirectoryItems   1 calls
        0 ms  _Deploy                                    1 calls
        0 ms  SelectClCompile                            1 calls
        0 ms  _Appverifier                               1 calls
        0 ms  MakeDirsForFxc                             1 calls
        0 ms  BuiltProjectOutputGroup                    1 calls
        0 ms  _BscMake                                   1 calls
        0 ms  ComputeCLCompileGeneratedSbrFiles          1 calls
        0 ms  _XdcMake                                   1 calls
        0 ms  MakeDirsForXdcMake                         1 calls
        0 ms  ComputeCLCompileGeneratedXDCFiles          1 calls
        0 ms  RegisterOutput                             1 calls
        0 ms  _Manifest                                  1 calls
        0 ms  CreateSatelliteAssemblies                  1 calls
        0 ms  ComputeReferenceCLInput                    1 calls
        0 ms  Build                                      1 calls
        0 ms  ResolveReferences                          1 calls
        0 ms  BeforeResolveReferences                    1 calls
        0 ms  AssignProjectConfiguration                 1 calls
        0 ms  SelectCustomBuild                          1 calls
        0 ms  _SelectedFiles                             1 calls
        0 ms  _SplitProjectReferencesByFileExistence     1 calls
        0 ms  _AddOutputPathToGlobalPropertiesToRemove   1 calls
        0 ms  CopyFileToFolders                          1 calls
        0 ms  BeforeBuildGenerateSources                 1 calls
        0 ms  ResolveAssemblyReferences                  1 calls
        0 ms  ResolveSDKReferences                       1 calls
        0 ms  PrepareProjectReferences                   1 calls
        0 ms  SetCABuildNativeEnvironmentVariables       1 calls
        0 ms  ResolveProjectReferences                   1 calls
        0 ms  GetResolvedWinMD                           1 calls
        0 ms  AfterResolveReferences                     1 calls
        0 ms  _Xsd                                       1 calls
        0 ms  PreBuildEvent                              1 calls
        0 ms  ComputeMIDLGeneratedCompileInputs          1 calls
        0 ms  FindReferenceAssembliesForReferences       1 calls
        0 ms  ComputeCLInputPDBName                      1 calls
        0 ms  BeforeClCompile                            1 calls
        0 ms  MakeDirsForMidl                            1 calls
        0 ms  BuildGenerateSources                       1 calls
        0 ms  _BuildGenerateSourcesAction                1 calls
        0 ms  GetFrameworkPaths                          1 calls
        0 ms  AfterBuildGenerateSources                  1 calls
        0 ms  _PrepareForBuild                           1 calls
        0 ms  _Midl                                      1 calls
        0 ms  AfterBuildGenerateSourcesEvent             1 calls
        0 ms  AfterMidl                                  1 calls
        1 ms  _PrepareForReferenceResolution             1 calls
        1 ms  ExpandSDKReferences                        1 calls
        1 ms  DoLinkOutputFilesMatch                     1 calls
        1 ms  SatelliteDllsProjectOutputGroup            1 calls
        1 ms  GetCopyToOutputDirectoryXamlAppDefs        1 calls
        1 ms  BuildCompileTraverse                       1 calls
        1 ms  GetReferenceAssemblyPaths                  1 calls
        1 ms  _GetCopyToOutputDirectoryItemsFromTransitiveProjectReferences   1 calls
        1 ms  GetCopyToOutputDirectoryItems              1 calls
        1 ms  ComputeLinkImportLibraryOutputsForClean    1 calls
        1 ms  FixupCLCompileOptions                      1 calls
        1 ms  SetBuildDefaultEnvironmentVariables        1 calls
        1 ms  CreateRecipeFile                           1 calls
        1 ms  PreLinkEvent                               1 calls
        1 ms  ContentFilesProjectOutputGroup             1 calls
        1 ms  _GenerateSatelliteAssemblyInputs           1 calls
        1 ms  _GetProjectReferenceTargetFrameworkProperties   1 calls
        1 ms  _CheckWindowsSDKInstalled                  1 calls
        1 ms  MakeDirsForCl                              1 calls
        1 ms  GetReferencedVCProjectsInfo                1 calls
        1 ms  BuildGenerateSourcesTraverse               1 calls
        1 ms  IncrementalClean                           1 calls
        1 ms  WarnCompileDuplicatedFilename              1 calls
        1 ms  ResolvedXDCMake                            1 calls
        1 ms  SplitResourcesByCulture                    1 calls
        1 ms  AfterBuild                                 1 calls
        1 ms  CopyFilesToOutputDirectory                 1 calls
        1 ms  ComputeCustomBuildOutput                   1 calls
        1 ms  ComputeCLOutputs                           1 calls
        1 ms  MakeDirsForLink                            1 calls
        1 ms  MakeDirsForBscMake                         1 calls
        2 ms  CustomBuild                                1 calls
        2 ms  FinalizeBuildStatus                        1 calls
        2 ms  SetTelemetryEnvironmentVariables           1 calls
        3 ms  _CheckForInvalidConfigurationAndPlatform   1 calls
        3 ms  AssignTargetPaths                          1 calls
        3 ms  _CleanGetCurrentAndPriorFileWrites         1 calls
        4 ms  InitializeBuildStatus                      1 calls
        6 ms  PrepareForBuild                            1 calls
      477 ms  Link                                       1 calls
     1210 ms  ClCompile                                  1 calls

Task Performance Summary:
        0 ms  AssignProjectConfiguration                 1 calls
        0 ms  ConvertToAbsolutePath                      1 calls
        1 ms  Message                                    3 calls
        1 ms  CreateItem                                 2 calls
        1 ms  FindUnderPath                              5 calls
        1 ms  CallTarget                                 2 calls
        1 ms  RemoveDuplicates                           2 calls
        1 ms  WriteLinesToFile                           1 calls
        1 ms  CheckVCToolsetVersion                      1 calls
        1 ms  GenerateDesktopDeployRecipe                1 calls
        1 ms  MSBuild                                    1 calls
        1 ms  AssignCulture                              1 calls
        1 ms  Delete                                     2 calls
        1 ms  ReadLinesFromFile                          2 calls
        2 ms  GetOutOfDateItems                          3 calls
        2 ms  Touch                                      2 calls
        2 ms  AssignTargetPath                           7 calls
        3 ms  MakeDir                                   10 calls
        3 ms  SetEnv                                     8 calls
      475 ms  Link                                       1 calls
     1208 ms  CL                                         1 calls
